1	0	Hook/Hook1.png
2	0	Hook/Hook10.png
3	0	Hook/Hook11.png
4	0	Hook/Hook12.png
6	0	Hook/Hook14.png
8	0	Hook/Hook16.png
9	0	Hook/Hook17.png
10	0	Hook/Hook18.png
12	0	Hook/Hook2.png
13	0	Hook/Hook20.png
14	0	Hook/Hook21.png
15	0	Hook/Hook22.png
16	0	Hook/Hook23.png
17	0	Hook/Hook24.png
18	0	Hook/Hook25.png
19	0	Hook/Hook26.png
20	0	Hook/Hook27.png
22	0	Hook/Hook29.png
23	0	Hook/Hook3.png
24	0	Hook/Hook30.png
26	0	Hook/Hook32.png
27	0	Hook/Hook33.png
28	0	Hook/Hook34.png
29	0	Hook/Hook35.png
30	0	Hook/Hook36.png
31	0	Hook/Hook37.png
32	0	Hook/Hook38.png
35	0	Hook/Hook40.png
36	0	Hook/Hook41.png
37	0	Hook/Hook42.png
38	0	Hook/Hook43.png
39	0	Hook/Hook44.png
40	0	Hook/Hook45.png
41	0	Hook/Hook46.png
42	0	Hook/Hook47.png
43	0	Hook/Hook48.png
46	0	Hook/Hook50.png
47	0	Hook/Hook51.png
48	0	Hook/Hook52.png
49	0	Hook/Hook53.png
50	0	Hook/Hook54.png
51	0	Hook/Hook55.png
52	0	Hook/Hook6.png
53	0	Hook/Hook7.png
54	0	Hook/Hook8.png
55	0	Hook/Hook9.png
56	1	Idle/Idle100.png
57	1	Idle/Idle101.png
59	1	Idle/Idle103.png
61	1	Idle/Idle105.png
62	1	Idle/Idle106.png
63	1	Idle/Idle107.png
64	1	Idle/Idle108.png
65	1	Idle/Idle109.png
66	1	Idle/Idle110.png
67	1	Idle/Idle56.png
68	1	Idle/Idle57.png
69	1	Idle/Idle58.png
70	1	Idle/Idle59.png
71	1	Idle/Idle60.png
72	1	Idle/Idle61.png
73	1	Idle/Idle62.png
75	1	Idle/Idle64.png
76	1	Idle/Idle65.png
77	1	Idle/Idle66.png
78	1	Idle/Idle67.png
80	1	Idle/Idle69.png
81	1	Idle/Idle70.png
82	1	Idle/Idle71.png
83	1	Idle/Idle72.png
84	1	Idle/Idle73.png
86	1	Idle/Idle75.png
87	1	Idle/Idle76.png
88	1	Idle/Idle77.png
89	1	Idle/Idle78.png
91	1	Idle/Idle80.png
92	1	Idle/Idle81.png
93	1	Idle/Idle82.png
94	1	Idle/Idle83.png
97	1	Idle/Idle86.png
98	1	Idle/Idle87.png
100	1	Idle/Idle89.png
101	1	Idle/Idle90.png
102	1	Idle/Idle91.png
103	1	Idle/Idle92.png
104	1	Idle/Idle93.png
105	1	Idle/Idle94.png
107	1	Idle/Idle96.png
108	1	Idle/Idle97.png
110	1	Idle/Idle99.png
112	2	Jab/Jab112.png
114	2	Jab/Jab114.png
115	2	Jab/Jab115.png
116	2	Jab/Jab116.png
117	2	Jab/Jab117.png
118	2	Jab/Jab118.png
119	2	Jab/Jab119.png
120	2	Jab/Jab120.png
121	2	Jab/Jab121.png
122	2	Jab/Jab122.png
124	2	Jab/Jab124.png
125	2	Jab/Jab125.png
127	2	Jab/Jab127.png
128	2	Jab/Jab128.png
129	2	Jab/Jab129.png
130	2	Jab/Jab130.png
131	2	Jab/Jab131.png
132	2	Jab/Jab132.png
133	2	Jab/Jab133.png
134	2	Jab/Jab134.png
135	2	Jab/Jab135.png
136	2	Jab/Jab136.png
137	2	Jab/Jab137.png
138	2	Jab/Jab138.png
139	2	Jab/Jab139.png
140	2	Jab/Jab140.png
141	2	Jab/Jab141.png
142	2	Jab/Jab142.png
143	2	Jab/Jab143.png
144	2	Jab/Jab144.png
145	2	Jab/Jab145.png
146	2	Jab/Jab146.png
147	2	Jab/Jab147.png
148	2	Jab/Jab148.png
149	2	Jab/Jab149.png
150	2	Jab/Jab150.png
151	2	Jab/Jab151.png
153	2	Jab/Jab153.png
154	2	Jab/Jab154.png
156	2	Jab/Jab156.png
157	2	Jab/Jab157.png
158	2	Jab/Jab158.png
159	2	Jab/Jab159.png
160	2	Jab/Jab160.png
161	2	Jab/Jab161.png
162	2	Jab/Jab162.png
163	3	Okay/Okay163.png
165	3	Okay/Okay165.png
166	3	Okay/Okay166.png
168	3	Okay/Okay168.png
169	3	Okay/Okay169.png
170	3	Okay/Okay170.png
171	3	Okay/Okay171.png
172	3	Okay/Okay172.png
173	3	Okay/Okay173.png
174	3	Okay/Okay174.png
175	3	Okay/Okay175.png
176	3	Okay/Okay176.png
177	3	Okay/Okay177.png
178	3	Okay/Okay178.png
179	3	Okay/Okay179.png
180	3	Okay/Okay180.png
182	3	Okay/Okay182.png
183	3	Okay/Okay183.png
184	3	Okay/Okay184.png
186	3	Okay/Okay186.png
189	3	Okay/Okay189.png
191	3	Okay/Okay191.png
192	3	Okay/Okay192.png
194	3	Okay/Okay194.png
195	3	Okay/Okay195.png
196	3	Okay/Okay196.png
197	3	Okay/Okay197.png
198	3	Okay/Okay198.png
199	3	Okay/Okay199.png
200	3	Okay/Okay200.png
201	3	Okay/Okay201.png
202	3	Okay/Okay202.png
203	3	Okay/Okay203.png
204	3	Okay/Okay204.png
205	3	Okay/Okay205.png
206	3	Okay/Okay206.png
207	3	Okay/Okay207.png
208	3	Okay/Okay208.png
209	3	Okay/Okay209.png
210	3	Okay/Okay210.png
211	3	Okay/Okay211.png
213	3	Okay/Okay213.png
214	3	Okay/Okay214.png
215	3	Okay/Okay215.png
216	3	Okay/Okay216.png
217	3	Okay/Okay217.png
219	4	Stop/Stop219.png
220	4	Stop/Stop220.png
221	4	Stop/Stop221.png
222	4	Stop/Stop222.png
225	4	Stop/Stop225.png
226	4	Stop/Stop226.png
227	4	Stop/Stop227.png
228	4	Stop/Stop228.png
230	4	Stop/Stop230.png
231	4	Stop/Stop231.png
233	4	Stop/Stop233.png
234	4	Stop/Stop234.png
235	4	Stop/Stop235.png
237	4	Stop/Stop237.png
238	4	Stop/Stop238.png
239	4	Stop/Stop239.png
240	4	Stop/Stop240.png
242	4	Stop/Stop242.png
243	4	Stop/Stop243.png
244	4	Stop/Stop244.png
245	4	Stop/Stop245.png
248	4	Stop/Stop248.png
249	4	Stop/Stop249.png
251	4	Stop/Stop251.png
252	4	Stop/Stop252.png
253	4	Stop/Stop253.png
254	4	Stop/Stop254.png
255	4	Stop/Stop255.png
256	4	Stop/Stop256.png
257	4	Stop/Stop257.png
258	4	Stop/Stop258.png
259	4	Stop/Stop259.png
260	4	Stop/Stop260.png
261	4	Stop/Stop261.png
262	4	Stop/Stop262.png
263	4	Stop/Stop263.png
267	4	Stop/Stop267.png
269	4	Stop/Stop269.png
270	4	Stop/Stop270.png
272	4	Stop/Stop272.png
273	4	Stop/Stop273.png
274	5	ThumbsUp/ThumbsUp274.png
275	5	ThumbsUp/ThumbsUp275.png
276	5	ThumbsUp/ThumbsUp276.png
277	5	ThumbsUp/ThumbsUp277.png
279	5	ThumbsUp/ThumbsUp279.png
280	5	ThumbsUp/ThumbsUp280.png
281	5	ThumbsUp/ThumbsUp281.png
282	5	ThumbsUp/ThumbsUp282.png
283	5	ThumbsUp/ThumbsUp283.png
285	5	ThumbsUp/ThumbsUp285.png
286	5	ThumbsUp/ThumbsUp286.png
287	5	ThumbsUp/ThumbsUp287.png
288	5	ThumbsUp/ThumbsUp288.png
289	5	ThumbsUp/ThumbsUp289.png
290	5	ThumbsUp/ThumbsUp290.png
291	5	ThumbsUp/ThumbsUp291.png
292	5	ThumbsUp/ThumbsUp292.png
293	5	ThumbsUp/ThumbsUp293.png
294	5	ThumbsUp/ThumbsUp294.png
295	5	ThumbsUp/ThumbsUp295.png
296	5	ThumbsUp/ThumbsUp296.png
297	5	ThumbsUp/ThumbsUp297.png
298	5	ThumbsUp/ThumbsUp298.png
299	5	ThumbsUp/ThumbsUp299.png
301	5	ThumbsUp/ThumbsUp301.png
302	5	ThumbsUp/ThumbsUp302.png
303	5	ThumbsUp/ThumbsUp303.png
304	5	ThumbsUp/ThumbsUp304.png
307	5	ThumbsUp/ThumbsUp307.png
308	5	ThumbsUp/ThumbsUp308.png
309	5	ThumbsUp/ThumbsUp309.png
310	5	ThumbsUp/ThumbsUp310.png
311	5	ThumbsUp/ThumbsUp311.png
312	5	ThumbsUp/ThumbsUp312.png
313	5	ThumbsUp/ThumbsUp313.png
314	5	ThumbsUp/ThumbsUp314.png
316	5	ThumbsUp/ThumbsUp316.png
317	5	ThumbsUp/ThumbsUp317.png
318	5	ThumbsUp/ThumbsUp318.png
319	5	ThumbsUp/ThumbsUp319.png
320	5	ThumbsUp/ThumbsUp320.png
322	5	ThumbsUp/ThumbsUp322.png
323	5	ThumbsUp/ThumbsUp323.png
324	5	ThumbsUp/ThumbsUp324.png
325	5	ThumbsUp/ThumbsUp325.png
326	5	ThumbsUp/ThumbsUp326.png
327	5	ThumbsUp/ThumbsUp327.png
329	5	ThumbsUp/ThumbsUp329.png
330	5	ThumbsUp/ThumbsUp330.png
332	6	Uppercut/Uppercut332.png
333	6	Uppercut/Uppercut333.png
334	6	Uppercut/Uppercut334.png
335	6	Uppercut/Uppercut335.png
336	6	Uppercut/Uppercut336.png
338	6	Uppercut/Uppercut338.png
339	6	Uppercut/Uppercut339.png
340	6	Uppercut/Uppercut340.png
342	6	Uppercut/Uppercut342.png
343	6	Uppercut/Uppercut343.png
344	6	Uppercut/Uppercut344.png
345	6	Uppercut/Uppercut345.png
346	6	Uppercut/Uppercut346.png
349	6	Uppercut/Uppercut349.png
351	6	Uppercut/Uppercut351.png
352	6	Uppercut/Uppercut352.png
354	6	Uppercut/Uppercut354.png
355	6	Uppercut/Uppercut355.png
356	6	Uppercut/Uppercut356.png
358	6	Uppercut/Uppercut358.png
359	6	Uppercut/Uppercut359.png
360	6	Uppercut/Uppercut360.png
361	6	Uppercut/Uppercut361.png
362	6	Uppercut/Uppercut362.png
363	6	Uppercut/Uppercut363.png
364	6	Uppercut/Uppercut364.png
365	6	Uppercut/Uppercut365.png
366	6	Uppercut/Uppercut366.png
367	6	Uppercut/Uppercut367.png
369	6	Uppercut/Uppercut369.png
370	6	Uppercut/Uppercut370.png
371	6	Uppercut/Uppercut371.png
372	6	Uppercut/Uppercut372.png
373	6	Uppercut/Uppercut373.png
375	6	Uppercut/Uppercut375.png
376	6	Uppercut/Uppercut376.png
377	6	Uppercut/Uppercut377.png
379	6	Uppercut/Uppercut379.png
380	6	Uppercut/Uppercut380.png
381	6	Uppercut/Uppercut381.png
382	6	Uppercut/Uppercut382.png
385	6	Uppercut/Uppercut385.png
386	7	Wave/Wave386.png
388	7	Wave/Wave388.png
390	7	Wave/Wave390.png
391	7	Wave/Wave391.png
392	7	Wave/Wave392.png
393	7	Wave/Wave393.png
394	7	Wave/Wave394.png
395	7	Wave/Wave395.png
396	7	Wave/Wave396.png
397	7	Wave/Wave397.png
398	7	Wave/Wave398.png
400	7	Wave/Wave400.png
401	7	Wave/Wave401.png
404	7	Wave/Wave404.png
405	7	Wave/Wave405.png
406	7	Wave/Wave406.png
407	7	Wave/Wave407.png
408	7	Wave/Wave408.png
409	7	Wave/Wave409.png
410	7	Wave/Wave410.png
412	7	Wave/Wave412.png
413	7	Wave/Wave413.png
414	7	Wave/Wave414.png
415	7	Wave/Wave415.png
416	7	Wave/Wave416.png
417	7	Wave/Wave417.png
419	7	Wave/Wave419.png
420	7	Wave/Wave420.png
421	7	Wave/Wave421.png
422	7	Wave/Wave422.png
424	7	Wave/Wave424.png
425	7	Wave/Wave425.png
426	7	Wave/Wave426.png
427	7	Wave/Wave427.png
428	7	Wave/Wave428.png
429	7	Wave/Wave429.png
431	7	Wave/Wave431.png
432	7	Wave/Wave432.png
433	7	Wave/Wave433.png
435	7	Wave/Wave435.png
436	7	Wave/Wave436.png
